c:\users\cjsat\onedrive\documents\fing\proyecto de grado\audiorendering\x64\release\audiorendering.ipdb
c:\users\cjsat\onedrive\documents\fing\proyecto de grado\audiorendering\x64\release\audiorendering.iobj
c:\users\cjsat\onedrive\documents\fing\proyecto de grado\audiorendering\audiorendering\x64\release\vc141.pdb
c:\users\cjsat\onedrive\documents\fing\proyecto de grado\audiorendering\audiorendering\x64\release\tiny_obj_loader.obj
c:\users\cjsat\onedrive\documents\fing\proyecto de grado\audiorendering\audiorendering\x64\release\tinyxml2.obj
c:\users\cjsat\onedrive\documents\fing\proyecto de grado\audiorendering\audiorendering\x64\release\source.obj
c:\users\cjsat\onedrive\documents\fing\proyecto de grado\audiorendering\audiorendering\x64\release\shaderprogram.obj
c:\users\cjsat\onedrive\documents\fing\proyecto de grado\audiorendering\audiorendering\x64\release\sceneobject.obj
c:\users\cjsat\onedrive\documents\fing\proyecto de grado\audiorendering\audiorendering\x64\release\scene.obj
c:\users\cjsat\onedrive\documents\fing\proyecto de grado\audiorendering\audiorendering\x64\release\pch.obj
c:\users\cjsat\onedrive\documents\fing\proyecto de grado\audiorendering\audiorendering\x64\release\objloader.obj
c:\users\cjsat\onedrive\documents\fing\proyecto de grado\audiorendering\audiorendering\x64\release\mesh.obj
c:\users\cjsat\onedrive\documents\fing\proyecto de grado\audiorendering\audiorendering\x64\release\main.obj
c:\users\cjsat\onedrive\documents\fing\proyecto de grado\audiorendering\audiorendering\x64\release\halton.obj
c:\users\cjsat\onedrive\documents\fing\proyecto de grado\audiorendering\audiorendering\x64\release\camera.obj
c:\users\cjsat\onedrive\documents\fing\proyecto de grado\audiorendering\audiorendering\x64\release\audiorenderingutils.obj
c:\users\cjsat\onedrive\documents\fing\proyecto de grado\audiorendering\audiorendering\x64\release\audiorenderer.obj
c:\users\cjsat\onedrive\documents\fing\proyecto de grado\audiorendering\x64\release\audiorendering.exe
c:\users\cjsat\onedrive\documents\fing\proyecto de grado\audiorendering\x64\release\audiorendering.pdb
c:\users\cjsat\onedrive\documents\fing\proyecto de grado\audiorendering\audiorendering\x64\release\audiorendering.tlog\audiorendering.write.1u.tlog
c:\users\cjsat\onedrive\documents\fing\proyecto de grado\audiorendering\audiorendering\x64\release\audiorendering.tlog\cl.command.1.tlog
c:\users\cjsat\onedrive\documents\fing\proyecto de grado\audiorendering\audiorendering\x64\release\audiorendering.tlog\cl.read.1.tlog
c:\users\cjsat\onedrive\documents\fing\proyecto de grado\audiorendering\audiorendering\x64\release\audiorendering.tlog\cl.write.1.tlog
c:\users\cjsat\onedrive\documents\fing\proyecto de grado\audiorendering\audiorendering\x64\release\audiorendering.tlog\link.command.1.tlog
c:\users\cjsat\onedrive\documents\fing\proyecto de grado\audiorendering\audiorendering\x64\release\audiorendering.tlog\link.read.1.tlog
c:\users\cjsat\onedrive\documents\fing\proyecto de grado\audiorendering\audiorendering\x64\release\audiorendering.tlog\link.write.1.tlog
