c:\users\cjsat\onedrive\documents\fing\proyecto de grado\audiorendering\audiorendering\x64\debug\vc141.pdb
c:\users\cjsat\onedrive\documents\fing\proyecto de grado\audiorendering\audiorendering\x64\debug\vc141.idb
c:\users\cjsat\onedrive\documents\fing\proyecto de grado\audiorendering\audiorendering\x64\debug\tiny_obj_loader.obj
c:\users\cjsat\onedrive\documents\fing\proyecto de grado\audiorendering\audiorendering\x64\debug\tinyxml2.obj
c:\users\cjsat\onedrive\documents\fing\proyecto de grado\audiorendering\audiorendering\x64\debug\source.obj
c:\users\cjsat\onedrive\documents\fing\proyecto de grado\audiorendering\audiorendering\x64\debug\shaderprogram.obj
c:\users\cjsat\onedrive\documents\fing\proyecto de grado\audiorendering\audiorendering\x64\debug\sceneobject.obj
c:\users\cjsat\onedrive\documents\fing\proyecto de grado\audiorendering\audiorendering\x64\debug\scene.obj
c:\users\cjsat\onedrive\documents\fing\proyecto de grado\audiorendering\audiorendering\x64\debug\pch.obj
c:\users\cjsat\onedrive\documents\fing\proyecto de grado\audiorendering\audiorendering\x64\debug\objloader.obj
c:\users\cjsat\onedrive\documents\fing\proyecto de grado\audiorendering\audiorendering\x64\debug\mesh.obj
c:\users\cjsat\onedrive\documents\fing\proyecto de grado\audiorendering\audiorendering\x64\debug\main.obj
c:\users\cjsat\onedrive\documents\fing\proyecto de grado\audiorendering\audiorendering\x64\debug\halton.obj
c:\users\cjsat\onedrive\documents\fing\proyecto de grado\audiorendering\audiorendering\x64\debug\camera.obj
c:\users\cjsat\onedrive\documents\fing\proyecto de grado\audiorendering\audiorendering\x64\debug\audiorenderingutils.obj
c:\users\cjsat\onedrive\documents\fing\proyecto de grado\audiorendering\audiorendering\x64\debug\audiorenderer.obj
c:\users\cjsat\onedrive\documents\fing\proyecto de grado\audiorendering\x64\debug\audiorendering.ilk
c:\users\cjsat\onedrive\documents\fing\proyecto de grado\audiorendering\x64\debug\audiorendering.exe
c:\users\cjsat\onedrive\documents\fing\proyecto de grado\audiorendering\x64\debug\audiorendering.pdb
c:\users\cjsat\onedrive\documents\fing\proyecto de grado\audiorendering\audiorendering\x64\debug\audiorendering.tlog\cl.command.1.tlog
c:\users\cjsat\onedrive\documents\fing\proyecto de grado\audiorendering\audiorendering\x64\debug\audiorendering.tlog\cl.read.1.tlog
c:\users\cjsat\onedrive\documents\fing\proyecto de grado\audiorendering\audiorendering\x64\debug\audiorendering.tlog\cl.write.1.tlog
c:\users\cjsat\onedrive\documents\fing\proyecto de grado\audiorendering\audiorendering\x64\debug\audiorendering.tlog\link.command.1.tlog
c:\users\cjsat\onedrive\documents\fing\proyecto de grado\audiorendering\audiorendering\x64\debug\audiorendering.tlog\link.read.1.tlog
c:\users\cjsat\onedrive\documents\fing\proyecto de grado\audiorendering\audiorendering\x64\debug\audiorendering.tlog\link.write.1.tlog
